**Model Error: Attribute name classes duplicates another attribute or (implicit) reference in class Logical View::modelmanagement::Package
**Model Error: Attribute "Logical View::modelmanagement::Package::classes" is a duplicate.  Check and correct the model--this export will not be usable.
**Model Error: Default role name "salesOrder" in Association "A_salesOrder_vendor" ending at class "Logical View::runtime::testWithRoles::SalesOrder" duplicates another role name accessible to the originating class.  This rule must have a unique name.
**Model Error: Role name "b" in Association "CtoB" ending at class "Logical View::runtime::testWithPolymorphicAssociations::B" duplicates another attribute in or role name accessible to the originating-end class.  This role must have a unique name.
**Model Error: Role name "a" in Association "CtoB" ending at class "Logical View::runtime::testWithPolymorphicAssociations::C" duplicates another attribute in or role name accessible to the originating-end class.  This role must have a unique name.
**Model Error: Default role name "statusDerivator" in Association "A_target_statusDerivator" ending at class "StatusDerivator" duplicates another role name accessible to the originating class.  This rule must have a unique name.
**Model Error: Default role name "serviceInterfaceOperation" in Association "A_responseMessageType_serviceInterfaceOperation" ending at class "ServiceInterfaceOperation" duplicates another role name accessible to the originating class.  This rule must have a unique name.
**Model Error: Default role name "serviceInterfaceOperation" in Association "A_faultMessageType_serviceInterfaceOperation" ending at class "ServiceInterfaceOperation" duplicates another role name accessible to the originating class.  This rule must have a unique name.
*Warning: Association found with no name between 'Variable' and 'Assignment'.  The name 'A_assignTo_assignments' has been created for it.
*Warning: Association found with no name between 'Statement' and 'Block'.  The name 'A_statements_block' has been created for it.
*Warning: Association found with no name between 'NamedValue' and 'Block'.  The name 'A_variables_owner' has been created for it.
*Warning: Association found with no name between 'Expression' and 'Foreach'.  The name 'A_collection_foreach' has been created for it.
*Warning: Association found with no name between 'Association' and 'LinkManipulationStatement'.  The name 'A_association_linkManipulationStatement' has been created for it.
*Warning: Association found with no name between 'Expression' and 'LinkManipulationStatement'.  The name 'A_objects_linkManipulationStatement' has been created for it.
*Warning: Association found with no name between 'Expression' and 'ExpressionStatement'.  The name 'A_expression_expressionStatement' has been created for it.
*Warning: Association found with no name between 'Iterator' and 'Foreach'.  The name 'A_forVariable_boundToFor' has been created for it.
*Warning: Association found with no name between 'Expression' and 'NamedValueWithOptionalInitExpression'.  The name 'A_initExpression_initExpressionFor' has been created for it.
*Warning: Association found with no name between 'StatementWithNestedBlocks' and 'Block'.  The name 'A_owningStatement_nestedBlocks' has been created for it.
*Warning: Association found with no name between 'NamedValueWithOptionalInitExpression' and 'NamedValueDeclaration'.  The name 'A_namedValue_namedValueDeclaration' has been created for it.
*Warning: Association found with no name between 'EventFilter' and 'Subscription'.  The name 'A_filters_subscription' has been created for it.
*Warning: Association found with no name between 'Block' and 'EventFilter'.  The name 'A_test_filter' has been created for it.
*Warning: Association found with no name between 'SapClass' and 'Context'.  The name 'A_for__context' has been created for it.
*Warning: Association found with no name between 'Constraint' and 'Context'.  The name 'A_constraints_theContext' has been created for it.
*Warning: Association found with no name between 'Expression' and 'Context'.  The name 'A_condition_context' has been created for it.
*Warning: Association found with no name between 'AssociationEnd' and 'AssociationEndSignatureImplementation'.  The name 'A_end_signatureImplementations' has been created for it.
*Warning: Association found with no name between 'ClassTypeDefinition' and 'SapClass'.  The name 'A_elementsOfType_clazz' has been created for it.
*Warning: Association found with no name between 'Association' and 'Package'.  The name 'A_associations_package_' has been created for it.
*Warning: Association found with no name between 'Package' and 'SapClass'.  The name 'A_package__classes' has been created for it.
*Warning: Association found with no name between 'TypeDefinition' and 'NestedTypeDefinition'.  The name 'A_type_nestedTypeDefinition' has been created for it.
*Warning: Association found with no name between 'ClassTypeDefinition' and 'AssociationEnd'.  The name 'A_type_associationEnd' has been created for it.
*Warning: Association found with no name between 'TypeDefinition' and 'TypedElement'.  The name 'A_ownedTypeDefinition_ownerTypedElement' has been created for it.
*Warning: Association found with no name between 'TypeDefinition' and 'Signature'.  The name 'A_ownedTypeDefinitions_ownerSignature' has been created for it.
*Warning: Association found with no name between 'TypeDefinition' and 'NestedTypeDefinition'.  The name 'A_ownedTypeDefinition_owningNestedTypeDefinition' has been created for it.
*Warning: Association found with no name between 'MethodSignature' and 'SignatureImplementation'.  The name 'A_implements__implementation' has been created for it.
*Warning: Association found with no name between 'SapClass' and 'TypeAdapter'.  The name 'A_adapted_adapters' has been created for it.
*Warning: Association found with no name between 'PlatformSpecificImplementation' and 'NativeImpl'.  The name 'A_platformSpecificImplementaiton_nativeImpl' has been created for it.
*Warning: Association found with no name between 'Signature' and 'FunctionSignatureTypeDefinition'.  The name 'A_signature_typeDefinition' has been created for it.
*Warning: Association found with no name between 'Signature' and 'FunctionSignatureTypeDefinition'.  The name 'A_ownedSignature_functionSignatureTypeDefinition' has been created for it.
*Warning: Association found with no name between 'FunctionSignatureImplementation' and 'FunctionSignature'.  The name 'A_implementation_functionSignature' has been created for it.
*Warning: Association found with no name between 'Parameter' and 'SapClass'.  The name 'A_formalObjectParameters_parameterOfClass' has been created for it.
*Warning: Association found with no name between 'Parameter' and 'ActualObjectParameter'.  The name 'A_formalObjectParameter_actualObjectParameter' has been created for it.
*Warning: Association found with no name between 'ActualObjectParameter' and 'ClassTypeDefinition'.  The name 'A_objectParameters_classTypeDefinitions' has been created for it.
*Warning: Association found with no name between 'Expression' and 'ActualObjectParameter'.  The name 'A_value_actualObjectParameter' has been created for it.
*Warning: Association found with no name between 'ConverterBetweenParametrizations' and 'SapClass'.  The name 'A_converterBetweenParametrizations_clazz' has been created for it.
*Warning: Association found with no name between 'MethodSignature' and 'ConverterBetweenParametrizations'.  The name 'A_conversionMethod_converter' has been created for it.
*Warning: Association found with no name between 'Expression' and 'Parameter'.  The name 'A_defaultValue_parameter' has been created for it.
*Warning: Association found with no name between 'ActualObjectParameter' and 'ClassTypeDefinition'.  The name 'A_ownedObjectParameters_owningClassTypeDefinition' has been created for it.
*Warning: Association found with no name between 'Expression' and 'Constraint'.  The name 'A_constraintExpression_constraint' has been created for it.
*Warning: Association found with no name between 'Constraint' and 'Signature'.  The name 'A_preconditions_preconditionForSignature' has been created for it.
*Warning: Association found with no name between 'Constraint' and 'Signature'.  The name 'A_postconditions_postconditionForSignature' has been created for it.
*Warning: Association found with no name between 'SapClass' and 'TimeDependency'.  The name 'A_theClass_timeDependency' has been created for it.
*Warning: Association found with no name between 'Association' and 'TimeDependency'.  The name 'A_association_timeDependency' has been created for it.
*Warning: Association found with no name between 'FormalTypeParameter' and 'ClassParameterization'.  The name 'A_formalTypeParameters_parameterOf' has been created for it.
*Warning: Association found with no name between 'SapClass' and 'FormalTypeParameter'.  The name 'A_typeConstraint_formalTypeParameter' has been created for it.
*Warning: Association found with no name between 'ActualTypeParameter' and 'ParameterizedClassInstantiation'.  The name 'A_actualTypeParametersForInstantiation_parameterizedClassInstantiation' has been created for it.
*Warning: Association found with no name between 'SapClass' and 'ActualTypeParameter'.  The name 'A_type_actualTypeParametersOfClass' has been created for it.
*Warning: Association found with no name between 'ClassParameterization' and 'Package'.  The name 'A_parameterizedClasses_package_' has been created for it.
*Warning: Association found with no name between 'FormalTypeParameter' and 'ActualTypeParameter'.  The name 'A_formalTypeParameter_actualTypeParameters' has been created for it.
*Warning: Association found with no name between 'SapClass' and 'ParameterizedClassInstantiation'.  The name 'A_parameterizedClass_parameterizedClassInstantiation' has been created for it.
*Warning: Association found with no name between 'TupleElement' and 'TupleTypeDefinition'.  The name 'A_elements_tupleTypeDefinition' has been created for it.
*Warning: Association found with no name between 'SapClass' and 'ObjectLiteral'.  The name 'A_valueClass_objectLiteral' has been created for it.
*Warning: Association found with no name between 'ValueInit' and 'ObjectLiteral'.  The name 'A_propertyValues_objectLiteral' has been created for it.
*Warning: Association found with no name between 'AssociationEnd' and 'ValueInit'.  The name 'A_forEnd_valueInit' has been created for it.
*Warning: Association found with no name between 'Expression' and 'ValueInit'.  The name 'A_value_valueInit' has been created for it.
*Warning: Association found with no name between 'Expression' and 'Iterate'.  The name 'A_iteratorExpression_inIterator' has been created for it.
*Warning: Association found with no name between 'MethodSignature' and 'FunctionFromMethodExpr'.  The name 'A_method_functionFromMethodExpr' has been created for it.
*Warning: Association found with no name between 'NamedValue' and 'VariableExpression'.  The name 'A_variable_variableExpression' has been created for it.
*Warning: Association found with no name between 'Expression' and 'ObjectBasedExpression'.  The name 'A_object_objectBasedExpression' has been created for it.
*Warning: Association found with no name between 'SapClass' and 'ObjectCreationExpression'.  The name 'A_classToInstantiate_objectCreationExpression' has been created for it.
*Warning: Association found with no name between 'WithArgument' and 'Expression'.  The name 'A_argumentOf_argument' has been created for it.
*Warning: Association found with no name between 'Expression' and 'FunctionCallExpression'.  The name 'A_calledBlock_blockOfFunctionCallExpression' has been created for it.
*Warning: Association found with no name between 'Expression' and 'Equals'.  The name 'A_left_leftOfEquals' has been created for it.
*Warning: Association found with no name between 'AssociationEnd' and 'AssociationEndNavigationExpression'.  The name 'A_toEnd_associationEndNavigationExpression' has been created for it.
*Warning: Association found with no name between 'Expression' and 'Equals'.  The name 'A_right_rightOfEquals' has been created for it.
*Warning: Association found with no name between 'NavigationStep' and 'Replace'.  The name 'A_steps_replace' has been created for it.
*Warning: Association found with no name between 'AssociationEnd' and 'NavigationStep'.  The name 'A_to_navigationStep' has been created for it.
*Warning: Association found with no name between 'Expression' and 'NavigationStep'.  The name 'A_filterFunction_navigationStep' has been created for it.
*Warning: Association found with no name between 'Expression' and 'Replace'.  The name 'A_with_withOfReplace' has been created for it.
*Warning: Association found with no name between 'Expression' and 'Ternary'.  The name 'A_falseExpr_falseOfTernary' has been created for it.
*Warning: Association found with no name between 'Expression' and 'Ternary'.  The name 'A_trueExpr_trueOfTernary' has been created for it.
*Warning: Association found with no name between 'Expression' and 'Conditional'.  The name 'A_condition_conditional' has been created for it.
*Warning: Association found with no name between 'MethodCallExpression' and 'ObjectCreationExpression'.  The name 'A_initializers_creationExpression' has been created for it.
*Warning: Association found with no name between 'Iterator' and 'Selection'.  The name 'A_iterator_selection' has been created for it.
*Warning: Association found with no name between 'Expression' and 'Selection'.  The name 'A_selectionExpr_selection' has been created for it.
*Warning: Association found with no name between 'Expression' and 'OqlQuery'.  The name 'A_condition_conditionOfOqlQuery' has been created for it.
*Warning: Association found with no name between 'FromClause' and 'OqlQuery'.  The name 'A_fromClauses_fromClauseOfOqlQuery' has been created for it.
*Warning: Association found with no name between 'Expression' and 'FromClause'.  The name 'A_fromExpression_fromClause' has been created for it.
*Warning: Association found with no name between 'Iterator' and 'FromClause'.  The name 'A_alias_fromClause' has been created for it.
*Warning: Association found with no name between 'Iterator' and 'OqlQuery'.  The name 'A_selected_oqlQuery' has been created for it.
*Warning: Association found with no name between 'Dimension' and 'CellSet'.  The name 'A_dimensions_cellSet' has been created for it.
*Warning: Association found with no name between 'FunctionSignature' and 'Dimension'.  The name 'A_characteristicFunction_dimension' has been created for it.
*Warning: Association found with no name between 'FunctionSignature' and 'CellSet'.  The name 'A_valueFunction_cellSetForValueFunction' has been created for it.
*Warning: Association found with no name between 'FunctionSignature' and 'CellSet'.  The name 'A_aggregationFunction_cellSetForAggregationFunction' has been created for it.
*Warning: Association found with no name between 'Expression' and 'DimensionExpression'.  The name 'A_cellSet_cellSetOfDimensionExpression' has been created for it.
*Warning: Association found with no name between 'Parameter' and 'DimensionExpression'.  The name 'A_dimension_dimensionExpression' has been created for it.
*Warning: Association found with no name between 'TypeDefinition' and 'CellSet'.  The name 'A_factsType_cellSet' has been created for it.
*Warning: Association found with no name between 'Expression' and 'DimensionExpression'.  The name 'A_facts_factsOfDimensionExpression' has been created for it.
*Warning: Association found with no name between 'DimensionDefinition' and 'GroupBy'.  The name 'A_dimensions_groupBy' has been created for it.
*Warning: Association found with no name between 'Expression' and 'DimensionDefinition'.  The name 'A_expression_dimension' has been created for it.
*Warning: Association found with no name between 'Iterator' and 'GroupBy'.  The name 'A_fact_factOfGroupBy' has been created for it.
*Warning: Association found with no name between 'Iterator' and 'DimensionDefinition'.  The name 'A_iterator_dimension' has been created for it.
*Warning: Association found with no name between 'Expression' and 'GroupBy'.  The name 'A_mapExpression_mapExpressionOfGroupBy' has been created for it.
*Warning: Association found with no name between 'Iterator' and 'GroupBy'.  The name 'A_groupedFacts_groupedFactsOfGroupBy' has been created for it.
*Warning: Association found with no name between 'SapClass' and 'ProcessComponent'.  The name 'A_providedInterfaces_processComponent' has been created for it.
*Warning: Association found with no name between 'EventProducer' and 'ProcessComponent'.  The name 'A_eventProducers_processComponent' has been created for it.
*Warning: Association found with no name between 'ProcessComponent' and 'DeploymentUnit'.  The name 'A_pcsInsideCompany_deploymentUnit' has been created for it.
*Warning: Association found with no name between 'DeploymentUnit' and 'Application'.  The name 'A_deploymentUnits_application' has been created for it.
*Warning: Association found with no name between 'Package' and 'PackageOwner'.  The name 'A_ownedPackages_owner' has been created for it.
*Warning: Association found with no name between 'Expression' and 'StringTemplate'.  The name 'A_expressions_template' has been created for it.
*Warning: Association found with no name between 'Expression' and 'ValueSetEntry'.  The name 'A_value_valueSetEntry' has been created for it.
*Warning: Association found with no name between 'ConfigurationEntity' and 'ValueSet'.  The name 'A_configurationEntity_pickList' has been created for it.
*Warning: Association found with no name between 'AssociationEnd' and 'ConfigurationEntity'.  The name 'A_configurableItem_configurationEntity' has been created for it.
*Warning: Association found with no name between 'ConfigurationEntity' and 'Package'.  The name 'A_configurability_package_' has been created for it.
*Warning: Association found with no name between 'Package' and 'PackageUse'.  The name 'A_package__packageUse' has been created for it.
*Warning: Association found with no name between 'ConfigurationSetting' and 'PackageUse'.  The name 'A_setting_packageUse' has been created for it.
*Warning: Association found with no name between 'ConfigurationEntity' and 'ConfigurationSetting'.  The name 'A_entity_configurationSetting' has been created for it.
*Warning: Association found with no name between 'Expression' and 'ConfigurationSetting'.  The name 'A_value_configurationSetting' has been created for it.
*Warning: Association found with no name between 'BusinessPackage' and 'BusinessArea'.  The name 'A_businessPackage_businessArea' has been created for it.
*Warning: Association found with no name between 'BusinessTopic' and 'BusinessPackage'.  The name 'A_businessTopic_businessPackage' has been created for it.
*Warning: Association found with no name between 'BusinessOption' and 'BusinessTopic'.  The name 'A_businessOption_businessTopic' has been created for it.
*Warning: Association found with no name between 'ScopingContext' and 'ConfigurationElement'.  The name 'A_applicableInContext_configurationElement' has been created for it.
*Warning: Association found with no name between 'BusinessOption' and 'ValueSet'.  The name 'A_configurationBusinessOption_valueSet' has been created for it.
*Warning: Association found with no name between 'ValueSetEntry' and 'ValueSet'.  The name 'A_entries_valueSet' has been created for it.
*Warning: Association found with no name between 'IntegrationScenario' and 'ProcessComponentInteraction'.  The name 'A_uses_interactions' has been created for it.
*Warning: Association found with no name between 'IntegrationScenario' and 'Application'.  The name 'A_integrationScenarios_application' has been created for it.
*Warning: Association found with no name between 'MethodCallExpression' and 'ProcessComponentInteraction'.  The name 'A_methodCalls_processComponentInteraction' has been created for it.
*Warning: Association found with no name between 'Subscription' and 'ProcessComponentInteraction'.  The name 'A_subscriptions_processComponentInteraction' has been created for it.
*Warning: Association found with no name between 'Expression' and 'Binding'.  The name 'A_function_binding' has been created for it.
*Warning: Association found with no name between 'UrlPattern' and 'HttpBinding'.  The name 'A_urlPattern_httpBinding' has been created for it.
*Warning: Association found with no name between 'Binding' and 'Package'.  The name 'A_bindings_package_' has been created for it.
*Warning: Association found with no name between 'AbapClassImplementationAnnotation' and 'SapClass'.  The name 'A_abapAnnotation_sapClass' has been created for it.
*Warning: Association found with no name between 'AbapAssociationImplementationAnnotation' and 'Association'.  The name 'A_abapAnnotation_association' has been created for it.
*Warning: Association found with no name between 'AbapAssociationEndImplementationAnnotation' and 'AssociationEnd'.  The name 'A_abapAnnotation_associationEnd' has been created for it.
*Warning: Association found with no name between 'AbapSignatureImplementationAnnotation' and 'Signature'.  The name 'A_abapAnnotation_signature' has been created for it.
*Warning: Association found with no name between 'AbapType' and 'AbapClassImplementationAnnotation'.  The name 'A_abapType_abapClassImplementationAnnotation' has been created for it.
*Warning: Association found with no name between 'SapClass' and 'All'.  The name 'A_ofClass_all' has been created for it.
*Warning: Association found with no name between 'Expression' and 'All'.  The name 'A_snapshotIdentifier_all' has been created for it.
